<?xml version="1.0" encoding="UTF-8"?>
<testsuites name="jest tests" tests="2" failures="0" errors="0" time="2.322">
  <testsuite name="MONGODB connection" errors="0" failures="0" skipped="0" timestamp="2025-05-14T01:10:52" time="2.231" tests="2">
    <testcase classname="MONGODB connection Connect to the collection and find user" name="MONGODB connection Connect to the collection and find user" time="0.034">
    </testcase>
    <testcase classname="MONGODB connection Create new user with imported data" name="MONGODB connection Create new user with imported data" time="1.091">
    </testcase>
  </testsuite>
</testsuites>